Using pre-set license
Built from '2022.3/staging' branch; Version is '2022.3.27f1 (73effa14754f) revision 7598074'; Using compiler version '192829333'; Build Type 'Release'
OS: 'Windows 10  (10.0.19045) 64bit Professional' Language: 'pt' Physical Memory: 14270 MB
BatchMode: 1, IsHumanControllingUs: 0, StartBugReporterOnCrash: 0, Is64bit: 1, IsPro: 1

COMMAND LINE ARGUMENTS:
E:\2022.3.27f1\Editor\Unity.exe
-adb2
-batchMode
-noUpm
-name
AssetImportWorker0
-projectPath
F:/Cenario 2
-logFile
Logs/AssetImportWorker0.log
-srvPort
55650
Successfully changed project path to: F:/Cenario 2
F:/Cenario 2
[UnityMemory] Configuration Parameters - Can be set up in boot.config
    "memorysetup-bucket-allocator-granularity=16"
    "memorysetup-bucket-allocator-bucket-count=8"
    "memorysetup-bucket-allocator-block-size=33554432"
    "memorysetup-bucket-allocator-block-count=8"
    "memorysetup-main-allocator-block-size=16777216"
    "memorysetup-thread-allocator-block-size=16777216"
    "memorysetup-gfx-main-allocator-block-size=16777216"
    "memorysetup-gfx-thread-allocator-block-size=16777216"
    "memorysetup-cache-allocator-block-size=4194304"
    "memorysetup-typetree-allocator-block-size=2097152"
    "memorysetup-profiler-bucket-allocator-granularity=16"
    "memorysetup-profiler-bucket-allocator-bucket-count=8"
    "memorysetup-profiler-bucket-allocator-block-size=33554432"
    "memorysetup-profiler-bucket-allocator-block-count=8"
    "memorysetup-profiler-allocator-block-size=16777216"
    "memorysetup-profiler-editor-allocator-block-size=1048576"
    "memorysetup-temp-allocator-size-main=16777216"
    "memorysetup-job-temp-allocator-block-size=2097152"
    "memorysetup-job-temp-allocator-block-size-background=1048576"
    "memorysetup-job-temp-allocator-reduction-small-platforms=262144"
    "memorysetup-allocator-temp-initial-block-size-main=262144"
    "memorysetup-allocator-temp-initial-block-size-worker=262144"
    "memorysetup-temp-allocator-size-background-worker=32768"
    "memorysetup-temp-allocator-size-job-worker=262144"
    "memorysetup-temp-allocator-size-preload-manager=33554432"
    "memorysetup-temp-allocator-size-nav-mesh-worker=65536"
    "memorysetup-temp-allocator-size-audio-worker=65536"
    "memorysetup-temp-allocator-size-cloud-worker=32768"
    "memorysetup-temp-allocator-size-gi-baking-worker=262144"
    "memorysetup-temp-allocator-size-gfx=262144"
Player connection [14532] Host "[IP] 192.168.0.4 [Port] 0 [Flags] 2 [Guid] 2388976348 [EditorId] 2388976348 [Version] 1048832 [Id] WindowsEditor(7,DESKTOP-H7BF20Q) [Debug] 1 [PackageName] WindowsEditor [ProjectName] Editor" joined multi-casting on [225.0.0.222:54997]...

Player connection [14532] Host "[IP] 192.168.0.4 [Port] 0 [Flags] 2 [Guid] 2388976348 [EditorId] 2388976348 [Version] 1048832 [Id] WindowsEditor(7,DESKTOP-H7BF20Q) [Debug] 1 [PackageName] WindowsEditor [ProjectName] Editor" joined alternative multi-casting on [225.0.0.222:34997]...

[Physics::Module] Initialized MultithreadedJobDispatcher with 3 workers.
Refreshing native plugins compatible for Editor in 23.41 ms, found 3 plugins.
Preloading 0 native plugins for Editor in 0.00 ms.
Initialize engine version: 2022.3.27f1 (73effa14754f)
[Subsystems] Discovering subsystems at path E:/2022.3.27f1/Editor/Data/Resources/UnitySubsystems
[Subsystems] Discovering subsystems at path F:/Cenario 2/Assets
GfxDevice: creating device client; threaded=0; jobified=0
Direct3D:
    Version:  Direct3D 11.0 [level 11.1]
    Renderer: AMD Radeon(TM) Vega 8 Graphics (ID=0x15d8)
    Vendor:   ATI
    VRAM:     7135 MB
    Driver:   31.0.21905.1001
Initialize mono
Mono path[0] = 'E:/2022.3.27f1/Editor/Data/Managed'
Mono path[1] = 'E:/2022.3.27f1/Editor/Data/MonoBleedingEdge/lib/mono/unityjit-win32'
Mono config path = 'E:/2022.3.27f1/Editor/Data/MonoBleedingEdge/etc'
Using monoOptions --debugger-agent=transport=dt_socket,embedding=1,server=y,suspend=n,address=127.0.0.1:56416
Begin MonoManager ReloadAssembly
Registering precompiled unity dll's ...
Register platform support module: E:/2022.3.27f1/Editor/Data/PlaybackEngines/WebGLSupport/UnityEditor.WebGL.Extensions.dll
Register platform support module: E:/2022.3.27f1/Editor/Data/PlaybackEngines/WindowsStandaloneSupport/UnityEditor.WindowsStandalone.Extensions.dll
Registered in 0.013858 seconds.
- Loaded All Assemblies, in  0.676 seconds
Native extension for WindowsStandalone target not found
Native extension for WebGL target not found
Mono: successfully reloaded assembly
- Finished resetting the current domain, in  0.521 seconds
Domain Reload Profiling: 1194ms
	BeginReloadAssembly (213ms)
		ExecutionOrderSort (0ms)
		DisableScriptedObjects (0ms)
		BackupInstance (0ms)
		ReleaseScriptingObjects (0ms)
		CreateAndSetChildDomain (1ms)
	RebuildCommonClasses (69ms)
	RebuildNativeTypeToScriptingClass (18ms)
	initialDomainReloadingComplete (110ms)
	LoadAllAssembliesAndSetupDomain (263ms)
		LoadAssemblies (209ms)
		RebuildTransferFunctionScriptingTraits (0ms)
		AnalyzeDomain (259ms)
			TypeCache.Refresh (256ms)
				TypeCache.ScanAssembly (235ms)
			ScanForSourceGeneratedMonoScriptInfo (0ms)
			ResolveRequiredComponents (1ms)
	FinalizeReload (522ms)
		ReleaseScriptCaches (0ms)
		RebuildScriptCaches (0ms)
		SetupLoadedEditorAssemblies (414ms)
			LogAssemblyErrors (0ms)
			InitializePlatformSupportModulesInManaged (19ms)
			SetLoadedEditorAssemblies (10ms)
			RefreshPlugins (0ms)
			BeforeProcessingInitializeOnLoad (4ms)
			ProcessInitializeOnLoadAttributes (290ms)
			ProcessInitializeOnLoadMethodAttributes (91ms)
			AfterProcessingInitializeOnLoad (0ms)
			EditorAssembliesLoaded (0ms)
		ExecutionOrderSort2 (0ms)
		AwakeInstancesAfterBackupRestoration (0ms)
========================================================================
Worker process is ready to serve import requests
Begin MonoManager ReloadAssembly
- Loaded All Assemblies, in  1.440 seconds
Refreshing native plugins compatible for Editor in 4.59 ms, found 3 plugins.
Native extension for WindowsStandalone target not found
Native extension for WebGL target not found
Package Manager log level set to [2]
[Package Manager] Server::EnsureServerProcessIsRunning -- launch failed, reason: Unity was launched with the -noUpm command-line argument
[Package Manager] UpmClient::Send -- Unable to send message (not connected to UPM process).
[Package Manager] Cannot connect to Unity Package Manager local server
Mono: successfully reloaded assembly
- Finished resetting the current domain, in  2.381 seconds
Domain Reload Profiling: 3819ms
	BeginReloadAssembly (284ms)
		ExecutionOrderSort (0ms)
		DisableScriptedObjects (11ms)
		BackupInstance (0ms)
		ReleaseScriptingObjects (0ms)
		CreateAndSetChildDomain (34ms)
	RebuildCommonClasses (64ms)
	RebuildNativeTypeToScriptingClass (17ms)
	initialDomainReloadingComplete (77ms)
	LoadAllAssembliesAndSetupDomain (993ms)
		LoadAssemblies (590ms)
		RebuildTransferFunctionScriptingTraits (0ms)
		AnalyzeDomain (578ms)
			TypeCache.Refresh (480ms)
				TypeCache.ScanAssembly (449ms)
			ScanForSourceGeneratedMonoScriptInfo (67ms)
			ResolveRequiredComponents (27ms)
	FinalizeReload (2384ms)
		ReleaseScriptCaches (0ms)
		RebuildScriptCaches (0ms)
		SetupLoadedEditorAssemblies (1875ms)
			LogAssemblyErrors (0ms)
			InitializePlatformSupportModulesInManaged (22ms)
			SetLoadedEditorAssemblies (11ms)
			RefreshPlugins (0ms)
			BeforeProcessingInitializeOnLoad (210ms)
			ProcessInitializeOnLoadAttributes (1213ms)
			ProcessInitializeOnLoadMethodAttributes (397ms)
			AfterProcessingInitializeOnLoad (22ms)
			EditorAssembliesLoaded (1ms)
		ExecutionOrderSort2 (0ms)
		AwakeInstancesAfterBackupRestoration (17ms)
Failed to get ipc connection from UnityShaderCompiler.exe shader compiler! Error code 0x80000008 (Timed out). E:/2022.3.27f1/Editor/Data/Tools/UnityShaderCompiler.exe
Failed to get ipc connection from UnityShaderCompiler.exe shader compiler! Error code 0x80000008 (Timed out). E:/2022.3.27f1/Editor/Data/Tools/UnityShaderCompiler.exe
Failed to get ipc connection from UnityShaderCompiler.exe shader compiler! Error code 0x80000008 (Timed out). E:/2022.3.27f1/Editor/Data/Tools/UnityShaderCompiler.exe
Launched and connected shader compiler UnityShaderCompiler.exe after 0.00 seconds
Shader compiler process initialization failed: Protocol error - failed to read magic number. Error code 0x80000004 (Not connected).
Launched and connected shader compiler UnityShaderCompiler.exe after 0.09 seconds
Refreshing native plugins compatible for Editor in 7.23 ms, found 3 plugins.
Preloading 0 native plugins for Editor in 0.00 ms.
Unloading 7261 Unused Serialized files (Serialized files now loaded: 0)
Unloading 265 unused Assets / (16.7 MB). Loaded Objects now: 7579.
Memory consumption went from 358.5 MB to 341.8 MB.
Total: 22.433800 ms (FindLiveObjects: 1.042300 ms CreateObjectMapping: 0.804000 ms MarkObjects: 11.338100 ms  DeleteObjects: 9.247800 ms)

AssetImportParameters requested are different than current active one (requested -> active):
  custom:container-demuxer-ogg: 62fdf1f143b41e24485cea50d1cbac27 -> 
  custom:framework-win-MediaFoundation: 216162199b28c13a410421893ffa2e32 -> 
  custom:container-muxer-webm: aa71ff27fc2769a1b78a27578f13a17b -> 
  custom:video-decoder-webm-vp8: 9c59270c3fd7afecdb556c50c9e8de78 -> 
  custom:SearchIndexIgnoredProperties: e643bd26f0fe6173181afceb89e7c659 -> 
  custom:AudioImporter_EditorPlatform: d09bf68614088b80899f8185d706f6e7 -> 
  custom:audio-decoder-ogg-vorbis: bf7c407c2cedff20999df2af8eb42d56 -> 
  custom:audio-encoder-webm-vorbis: bf7c407c2cedff20999df2af8eb42d56 -> 
  custom:video-decoder-ogg-theora: a1e56fd34408186e4bbccfd4996cb3dc -> 
  custom:CustomObjectIndexerAttribute: 3ead1caaecf1c488f20bcfeb224b6af5 -> 
  custom:container-demuxer-webm: 4f35f7cbe854078d1ac9338744f61a02 -> 
  custom:video-encoder-webm-vp8: eb34c28f22e8b96e1ab97ce403110664 -> 
========================================================================
Received Import Request.
  Time since last request: 7554.513757 seconds.
  path: Assets/Billet_03.prefab
  artifactKey: Guid(15cf2d24d9749234fbeb2e4dc88bffdd) Importer(815301076,1909f56bfc062723c751e8b465ee728b)
Start importing Assets/Billet_03.prefab using Guid(15cf2d24d9749234fbeb2e4dc88bffdd) Importer(815301076,1909f56bfc062723c751e8b465ee728b)  -> (artifact id: '7bb9de91a7db4dc5bc9dad229c6e3b43') in 22.672108 seconds
Number of updated asset objects reloaded before import = 0
Number of asset objects unloaded after import = 10
========================================================================
Received Import Request.
  Time since last request: 0.000048 seconds.
  path: Assets/Barrel.prefab
  artifactKey: Guid(1a929d25555b883438995dd212d0a8f1) Importer(815301076,1909f56bfc062723c751e8b465ee728b)
Start importing Assets/Barrel.prefab using Guid(1a929d25555b883438995dd212d0a8f1) Importer(815301076,1909f56bfc062723c751e8b465ee728b)  -> (artifact id: '2cd84d2d351c6b21735bceb22fa9201d') in 15.647959 seconds
Number of updated asset objects reloaded before import = 0
Number of asset objects unloaded after import = 10
========================================================================
Received Import Request.
  Time since last request: 0.000023 seconds.
  path: Assets/EA03_Fence_WallGate_01a_PRE.prefab
  artifactKey: Guid(1713a45799bdb724dbcbb70065509cea) Importer(815301076,1909f56bfc062723c751e8b465ee728b)
Start importing Assets/EA03_Fence_WallGate_01a_PRE.prefab using Guid(1713a45799bdb724dbcbb70065509cea) Importer(815301076,1909f56bfc062723c751e8b465ee728b)  -> (artifact id: 'c523b0a568dd3c5dde9df066fb95bd40') in 0.143381 seconds
Number of updated asset objects reloaded before import = 0
Number of asset objects unloaded after import = 30
========================================================================
Received Import Request.
  Time since last request: 0.000033 seconds.
  path: Assets/Playerfinal.prefab
  artifactKey: Guid(440d591112729aa419eb79a3ec6e9219) Importer(815301076,1909f56bfc062723c751e8b465ee728b)
Start importing Assets/Playerfinal.prefab using Guid(440d591112729aa419eb79a3ec6e9219) Importer(815301076,1909f56bfc062723c751e8b465ee728b)  -> (artifact id: 'c630673e7500d1a41f499adc56433fac') in 0.889137 seconds
Number of updated asset objects reloaded before import = 0
Number of asset objects unloaded after import = 1435
========================================================================
Received Import Request.
  Time since last request: 213.429688 seconds.
  path: Assets/cenariov1.unity
  artifactKey: Guid(86c7b0b277c3037428dce533fd0d35fd) Importer(815301076,1909f56bfc062723c751e8b465ee728b)
Start importing Assets/cenariov1.unity using Guid(86c7b0b277c3037428dce533fd0d35fd) Importer(815301076,1909f56bfc062723c751e8b465ee728b)  -> (artifact id: '4e0f23738e37b0d094079bc0d0f2fd13') in 0.001570 seconds
Number of updated asset objects reloaded before import = 0
Number of asset objects unloaded after import = 0
========================================================================
Received Import Request.
  Time since last request: 293.778177 seconds.
  path: Assets/player/Tiger/Hit.fbx
  artifactKey: Guid(3ba44afe9035c5e409c30bae1ec51c36) Importer(815301076,1909f56bfc062723c751e8b465ee728b)
Start importing Assets/player/Tiger/Hit.fbx using Guid(3ba44afe9035c5e409c30bae1ec51c36) Importer(815301076,1909f56bfc062723c751e8b465ee728b)  -> (artifact id: '201f657acc81af6132e1fb7e9ef67469') in 0.267392 seconds
Number of updated asset objects reloaded before import = 0
Number of asset objects unloaded after import = 717
========================================================================
Received Import Request.
  Time since last request: 0.000033 seconds.
  path: Assets/player/Tiger/run.fbx
  artifactKey: Guid(fcd4de5ffa6d77f47a1da32a7f2fb699) Importer(815301076,1909f56bfc062723c751e8b465ee728b)
Start importing Assets/player/Tiger/run.fbx using Guid(fcd4de5ffa6d77f47a1da32a7f2fb699) Importer(815301076,1909f56bfc062723c751e8b465ee728b)  -> (artifact id: '142a6b2e63e15e5f48626541aca8bd75') in 0.087167 seconds
Number of updated asset objects reloaded before import = 0
Number of asset objects unloaded after import = 713
========================================================================
Received Import Request.
  Time since last request: 0.000047 seconds.
  path: Assets/player/Tiger/tiger_idle.fbx
  artifactKey: Guid(0faaca137bc5a794098e6b71f8bb22f6) Importer(815301076,1909f56bfc062723c751e8b465ee728b)
Start importing Assets/player/Tiger/tiger_idle.fbx using Guid(0faaca137bc5a794098e6b71f8bb22f6) Importer(815301076,1909f56bfc062723c751e8b465ee728b)  -> (artifact id: '28327dee82f999dab3c51262ef31d462') in 0.093310 seconds
Number of updated asset objects reloaded before import = 0
Number of asset objects unloaded after import = 717
========================================================================
Received Import Request.
  Time since last request: 0.000028 seconds.
  path: Assets/player/Tiger/sound.fbx
  artifactKey: Guid(e5b1add7bc31a7f4db37d3603b8f12b0) Importer(815301076,1909f56bfc062723c751e8b465ee728b)
Start importing Assets/player/Tiger/sound.fbx using Guid(e5b1add7bc31a7f4db37d3603b8f12b0) Importer(815301076,1909f56bfc062723c751e8b465ee728b)  -> (artifact id: '0b8b3b7ca2a1552e131f04d8bef70a5b') in 0.091104 seconds
Number of updated asset objects reloaded before import = 0
Number of asset objects unloaded after import = 717
========================================================================
Received Import Request.
  Time since last request: 0.000044 seconds.
  path: Assets/player/Tiger/Walk.fbx
  artifactKey: Guid(427f72e3e110e5145bf4956336b40f6f) Importer(815301076,1909f56bfc062723c751e8b465ee728b)
Start importing Assets/player/Tiger/Walk.fbx using Guid(427f72e3e110e5145bf4956336b40f6f) Importer(815301076,1909f56bfc062723c751e8b465ee728b)  -> (artifact id: '3c9a816f3307ce9e2bec270e6ca8b85b') in 0.105073 seconds
Number of updated asset objects reloaded before import = 0
Number of asset objects unloaded after import = 713
========================================================================
Received Import Request.
  Time since last request: 9.282078 seconds.
  path: Assets/player/Tiger/Materials/Eyes_outer.mat
  artifactKey: Guid(9b8877a3e2f704646b9c12b53edc3ab7) Importer(815301076,1909f56bfc062723c751e8b465ee728b)
Start importing Assets/player/Tiger/Materials/Eyes_outer.mat using Guid(9b8877a3e2f704646b9c12b53edc3ab7) Importer(815301076,1909f56bfc062723c751e8b465ee728b)  -> (artifact id: '6813ce1980650b52da7eba9783f9f64f') in 0.145033 seconds
Number of updated asset objects reloaded before import = 0
Number of asset objects unloaded after import = 1
========================================================================
Received Import Request.
  Time since last request: 0.000033 seconds.
  path: Assets/player/Tiger/Materials/texture.mat
  artifactKey: Guid(f0e6c1cbfc100b44c9434d4749da91fa) Importer(815301076,1909f56bfc062723c751e8b465ee728b)
Start importing Assets/player/Tiger/Materials/texture.mat using Guid(f0e6c1cbfc100b44c9434d4749da91fa) Importer(815301076,1909f56bfc062723c751e8b465ee728b)  -> (artifact id: '1e915c16979f3204d6c58867d7522ce2') in 0.048569 seconds
Number of updated asset objects reloaded before import = 0
Number of asset objects unloaded after import = 3
========================================================================
Received Import Request.
  Time since last request: 0.000037 seconds.
  path: Assets/player/Tiger/Materials/NormalMap.png
  artifactKey: Guid(3cf574a91ae3f3a45bb77176da1c15e7) Importer(815301076,1909f56bfc062723c751e8b465ee728b)
Start importing Assets/player/Tiger/Materials/NormalMap.png using Guid(3cf574a91ae3f3a45bb77176da1c15e7) Importer(815301076,1909f56bfc062723c751e8b465ee728b)  -> (artifact id: '0f845725c65fbd5db9efa0b68ad65714') in 0.072033 seconds
Number of updated asset objects reloaded before import = 0
Number of asset objects unloaded after import = 2
========================================================================
Received Import Request.
  Time since last request: 0.000031 seconds.
  path: Assets/player/Tiger/Materials/texture.png
  artifactKey: Guid(a3eda7ec5daa2014e9883d0a5e9bb312) Importer(815301076,1909f56bfc062723c751e8b465ee728b)
Start importing Assets/player/Tiger/Materials/texture.png using Guid(a3eda7ec5daa2014e9883d0a5e9bb312) Importer(815301076,1909f56bfc062723c751e8b465ee728b)  -> (artifact id: '8bf76071a7e736284991d4f99d59bef2') in 0.067641 seconds
Number of updated asset objects reloaded before import = 0
Number of asset objects unloaded after import = 3
========================================================================
Received Import Request.
  Time since last request: 8.494516 seconds.
  path: Assets/GAMEobj/visual&terreno/UniversalRenderPipelineGlobalSettings.asset
  artifactKey: Guid(97e892da16e304b46b2d50faf5ecc240) Importer(815301076,1909f56bfc062723c751e8b465ee728b)
Start importing Assets/GAMEobj/visual&terreno/UniversalRenderPipelineGlobalSettings.asset using Guid(97e892da16e304b46b2d50faf5ecc240) Importer(815301076,1909f56bfc062723c751e8b465ee728b)  -> (artifact id: '1592e513cf268ec53b15c1ae15d9f2a1') in 0.002422 seconds
Number of updated asset objects reloaded before import = 0
Number of asset objects unloaded after import = 1
========================================================================
Received Import Request.
  Time since last request: 5.927582 seconds.
  path: Assets/GAMEobj/visual&terreno/hightpoly/HDRPDefaultResources/HDRenderPipelineGlobalSettings.asset
  artifactKey: Guid(1147aa439f5d1454fb3612ccaf2cabfe) Importer(815301076,1909f56bfc062723c751e8b465ee728b)
Start importing Assets/GAMEobj/visual&terreno/hightpoly/HDRPDefaultResources/HDRenderPipelineGlobalSettings.asset using Guid(1147aa439f5d1454fb3612ccaf2cabfe) Importer(815301076,1909f56bfc062723c751e8b465ee728b)  -> (artifact id: '1c72c4aa8312d3f1f21bf7219abd046c') in 0.032637 seconds
Number of updated asset objects reloaded before import = 0
Number of asset objects unloaded after import = 1
========================================================================
Received Import Request.
  Time since last request: 8.401850 seconds.
  path: Assets/GAMEobj/visual&terreno/hightpoly/NatureStarterKit2/Scene/New Terrain.asset
  artifactKey: Guid(32620d2a18d1d6543869088db9e2d1c5) Importer(815301076,1909f56bfc062723c751e8b465ee728b)
Start importing Assets/GAMEobj/visual&terreno/hightpoly/NatureStarterKit2/Scene/New Terrain.asset using Guid(32620d2a18d1d6543869088db9e2d1c5) Importer(815301076,1909f56bfc062723c751e8b465ee728b)  -> (artifact id: '3964e21b1066d0f478cbf7983b6dfdab') in 0.876025 seconds
Number of updated asset objects reloaded before import = 0
Number of asset objects unloaded after import = 5
========================================================================
Received Import Request.
  Time since last request: 0.000037 seconds.
  path: Assets/GAMEobj/visual&terreno/hightpoly/NatureStarterKit2/Scene/SecondaryTerrain.asset
  artifactKey: Guid(7f570b916f436aa4c9d4676e57349fd4) Importer(815301076,1909f56bfc062723c751e8b465ee728b)
Start importing Assets/GAMEobj/visual&terreno/hightpoly/NatureStarterKit2/Scene/SecondaryTerrain.asset using Guid(7f570b916f436aa4c9d4676e57349fd4) Importer(815301076,1909f56bfc062723c751e8b465ee728b)  -> (artifact id: 'a51422a4149bdb9c5a276464fdb8bef1') in 1.055057 seconds
Number of updated asset objects reloaded before import = 0
Number of asset objects unloaded after import = 100
========================================================================
Received Import Request.
  Time since last request: 10.173462 seconds.
  path: Assets/GAMEobj/visual&terreno/TerrainSampleAssets/Materials/Bush.asset
  artifactKey: Guid(a48ad8aadb27f004390383c89862e6f3) Importer(815301076,1909f56bfc062723c751e8b465ee728b)
Start importing Assets/GAMEobj/visual&terreno/TerrainSampleAssets/Materials/Bush.asset using Guid(a48ad8aadb27f004390383c89862e6f3) Importer(815301076,1909f56bfc062723c751e8b465ee728b)  -> (artifact id: '99c7fbc4a43869cb2ea54304701df316') in 32.324973 seconds
Number of updated asset objects reloaded before import = 0
Number of asset objects unloaded after import = 5
========================================================================
Received Import Request.
  Time since last request: 0.000028 seconds.
  path: Assets/GAMEobj/visual&terreno/TerrainSampleAssets/Materials/Grass.asset
  artifactKey: Guid(fc123ab8f2eb56945b5849155624e2c0) Importer(815301076,1909f56bfc062723c751e8b465ee728b)
Start importing Assets/GAMEobj/visual&terreno/TerrainSampleAssets/Materials/Grass.asset using Guid(fc123ab8f2eb56945b5849155624e2c0) Importer(815301076,1909f56bfc062723c751e8b465ee728b)  -> (artifact id: '6717f16f3cca6bf330afde61794fc611') in 0.576610 seconds
Number of updated asset objects reloaded before import = 0
Number of asset objects unloaded after import = 6
========================================================================
Received Import Request.
  Time since last request: 0.000044 seconds.
  path: Assets/GAMEobj/visual&terreno/TerrainSampleAssets/Materials/GrassDry.asset
  artifactKey: Guid(0cf15945abe04ad4589592fd3bfcd17b) Importer(815301076,1909f56bfc062723c751e8b465ee728b)
Start importing Assets/GAMEobj/visual&terreno/TerrainSampleAssets/Materials/GrassDry.asset using Guid(0cf15945abe04ad4589592fd3bfcd17b) Importer(815301076,1909f56bfc062723c751e8b465ee728b)  -> (artifact id: 'a16e3dfdfe8fa11d44f61324982e4670') in 0.246044 seconds
Number of updated asset objects reloaded before import = 0
Number of asset objects unloaded after import = 6
========================================================================
Received Import Request.
  Time since last request: 0.000029 seconds.
  path: Assets/GAMEobj/visual&terreno/TerrainSampleAssets/Materials/Heather.asset
  artifactKey: Guid(9ef29f7651a5050409fa9822d6d4f941) Importer(815301076,1909f56bfc062723c751e8b465ee728b)
Start importing Assets/GAMEobj/visual&terreno/TerrainSampleAssets/Materials/Heather.asset using Guid(9ef29f7651a5050409fa9822d6d4f941) Importer(815301076,1909f56bfc062723c751e8b465ee728b)  -> (artifact id: '671ee0adcee0c4eed3cd82217dc42c0d') in 0.303370 seconds
Number of updated asset objects reloaded before import = 0
Number of asset objects unloaded after import = 6
========================================================================
Received Import Request.
  Time since last request: 0.000034 seconds.
  path: Assets/GAMEobj/visual&terreno/TerrainSampleAssets/Materials/Plant.asset
  artifactKey: Guid(f53f3a3078db3cd4a9bcd875d3b2a557) Importer(815301076,1909f56bfc062723c751e8b465ee728b)
Start importing Assets/GAMEobj/visual&terreno/TerrainSampleAssets/Materials/Plant.asset using Guid(f53f3a3078db3cd4a9bcd875d3b2a557) Importer(815301076,1909f56bfc062723c751e8b465ee728b)  -> (artifact id: 'cbe48b17add8b03564fedc993c8d5366') in 0.241021 seconds
Number of updated asset objects reloaded before import = 0
Number of asset objects unloaded after import = 6
========================================================================
Received Import Request.
  Time since last request: 0.000024 seconds.
  path: Assets/GAMEobj/visual&terreno/TerrainSampleAssets/Materials/BushDry.asset
  artifactKey: Guid(238ad6ea99d845f498c3a2334f75358a) Importer(815301076,1909f56bfc062723c751e8b465ee728b)
Start importing Assets/GAMEobj/visual&terreno/TerrainSampleAssets/Materials/BushDry.asset using Guid(238ad6ea99d845f498c3a2334f75358a) Importer(815301076,1909f56bfc062723c751e8b465ee728b)  -> (artifact id: '4e153fc611fb0a74535e246d18a6002b') in 0.293298 seconds
Number of updated asset objects reloaded before import = 0
Number of asset objects unloaded after import = 6
========================================================================
Received Import Request.
  Time since last request: 0.000039 seconds.
  path: Assets/GAMEobj/visual&terreno/TerrainSampleAssets/Materials/Fern.asset
  artifactKey: Guid(405b9ff318b139d478492b258cc6f606) Importer(815301076,1909f56bfc062723c751e8b465ee728b)
Start importing Assets/GAMEobj/visual&terreno/TerrainSampleAssets/Materials/Fern.asset using Guid(405b9ff318b139d478492b258cc6f606) Importer(815301076,1909f56bfc062723c751e8b465ee728b)  -> (artifact id: '8a90e7db20acc979469e82d871c6d056') in 0.279167 seconds
Number of updated asset objects reloaded before import = 0
Number of asset objects unloaded after import = 6
========================================================================
Received Import Request.
  Time since last request: 0.000033 seconds.
  path: Assets/GAMEobj/visual&terreno/TerrainSampleAssets/Materials/Grass_C.asset
  artifactKey: Guid(d3f698d8d13edc2478d19e143b436434) Importer(815301076,1909f56bfc062723c751e8b465ee728b)
Start importing Assets/GAMEobj/visual&terreno/TerrainSampleAssets/Materials/Grass_C.asset using Guid(d3f698d8d13edc2478d19e143b436434) Importer(815301076,1909f56bfc062723c751e8b465ee728b)  -> (artifact id: '52327a86bfc7892660103cbe4ad13556') in 0.289575 seconds
Number of updated asset objects reloaded before import = 0
Number of asset objects unloaded after import = 8
========================================================================
Received Import Request.
  Time since last request: 0.000051 seconds.
  path: Assets/player/Player.cs
  artifactKey: Guid(4b37b209e98c01d40b55841273c6e30a) Importer(815301076,1909f56bfc062723c751e8b465ee728b)
Start importing Assets/player/Player.cs using Guid(4b37b209e98c01d40b55841273c6e30a) Importer(815301076,1909f56bfc062723c751e8b465ee728b)  -> (artifact id: 'ffc1ce1ddb7fdaa401d2eada5151b7d9') in 0.000742 seconds
Number of updated asset objects reloaded before import = 0
Number of asset objects unloaded after import = 0
========================================================================
Received Import Request.
  Time since last request: 7.108676 seconds.
  path: Assets/player
  artifactKey: Guid(a16b1e5b66198294fa1a04ceeb14c7fa) Importer(815301076,1909f56bfc062723c751e8b465ee728b)
Start importing Assets/player using Guid(a16b1e5b66198294fa1a04ceeb14c7fa) Importer(815301076,1909f56bfc062723c751e8b465ee728b)  -> (artifact id: 'd5621b6f74c42caa82a0735ba06445f7') in 0.000627 seconds
Number of updated asset objects reloaded before import = 0
Number of asset objects unloaded after import = 0
========================================================================
Received Prepare
Begin MonoManager ReloadAssembly
- Loaded All Assemblies, in  1.056 seconds
Refreshing native plugins compatible for Editor in 4.81 ms, found 3 plugins.
Native extension for WindowsStandalone target not found
Native extension for WebGL target not found
[Package Manager] Server::EnsureServerProcessIsRunning -- launch failed, reason: Unity was launched with the -noUpm command-line argument
[Package Manager] UpmClient::Send -- Unable to send message (not connected to UPM process).
[Package Manager] Cannot connect to Unity Package Manager local server
Mono: successfully reloaded assembly
- Finished resetting the current domain, in 38.062 seconds
Domain Reload Profiling: 39113ms
	BeginReloadAssembly (230ms)
		ExecutionOrderSort (0ms)
		DisableScriptedObjects (5ms)
		BackupInstance (0ms)
		ReleaseScriptingObjects (0ms)
		CreateAndSetChildDomain (57ms)
	RebuildCommonClasses (63ms)
	RebuildNativeTypeToScriptingClass (16ms)
	initialDomainReloadingComplete (39ms)
	LoadAllAssembliesAndSetupDomain (703ms)
		LoadAssemblies (740ms)
		RebuildTransferFunctionScriptingTraits (0ms)
		AnalyzeDomain (84ms)
			TypeCache.Refresh (12ms)
				TypeCache.ScanAssembly (1ms)
			ScanForSourceGeneratedMonoScriptInfo (52ms)
			ResolveRequiredComponents (19ms)
	FinalizeReload (38063ms)
		ReleaseScriptCaches (0ms)
		RebuildScriptCaches (0ms)
		SetupLoadedEditorAssemblies (978ms)
			LogAssemblyErrors (0ms)
			InitializePlatformSupportModulesInManaged (12ms)
			SetLoadedEditorAssemblies (5ms)
			RefreshPlugins (0ms)
			BeforeProcessingInitializeOnLoad (137ms)
			ProcessInitializeOnLoadAttributes (758ms)
			ProcessInitializeOnLoadMethodAttributes (51ms)
			AfterProcessingInitializeOnLoad (14ms)
			EditorAssembliesLoaded (0ms)
		ExecutionOrderSort2 (0ms)
		AwakeInstancesAfterBackupRestoration (11ms)
Refreshing native plugins compatible for Editor in 9.38 ms, found 3 plugins.
Preloading 0 native plugins for Editor in 0.00 ms.
Unloading 6937 Unused Serialized files (Serialized files now loaded: 0)
Unloading 212 unused Assets / (17.1 MB). Loaded Objects now: 7649.
Memory consumption went from 292.5 MB to 275.4 MB.
Total: 16.919400 ms (FindLiveObjects: 0.854200 ms CreateObjectMapping: 1.972800 ms MarkObjects: 4.484000 ms  DeleteObjects: 9.606700 ms)

Prepare: number of updated asset objects reloaded= 0
AssetImportParameters requested are different than current active one (requested -> active):
  custom:container-demuxer-ogg: 62fdf1f143b41e24485cea50d1cbac27 -> 
  custom:framework-win-MediaFoundation: 216162199b28c13a410421893ffa2e32 -> 
  custom:container-muxer-webm: aa71ff27fc2769a1b78a27578f13a17b -> 
  custom:video-decoder-webm-vp8: 9c59270c3fd7afecdb556c50c9e8de78 -> 
  custom:SearchIndexIgnoredProperties: e643bd26f0fe6173181afceb89e7c659 -> 
  custom:AudioImporter_EditorPlatform: d09bf68614088b80899f8185d706f6e7 -> 
  custom:audio-decoder-ogg-vorbis: bf7c407c2cedff20999df2af8eb42d56 -> 
  custom:audio-encoder-webm-vorbis: bf7c407c2cedff20999df2af8eb42d56 -> 
  custom:video-decoder-ogg-theora: a1e56fd34408186e4bbccfd4996cb3dc -> 
  custom:CustomObjectIndexerAttribute: 3ead1caaecf1c488f20bcfeb224b6af5 -> 
  custom:container-demuxer-webm: 4f35f7cbe854078d1ac9338744f61a02 -> 
  custom:video-encoder-webm-vp8: eb34c28f22e8b96e1ab97ce403110664 -> 
========================================================================
Received Import Request.
  Time since last request: 530.994046 seconds.
  path: Assets/GAMEobj/visual&terreno/hightpoly/NatureStarterKit2/Editor/ImageEffects/TonemappingEditor.cs
  artifactKey: Guid(0f7cab214f141f642b87a5bdbd14653e) Importer(815301076,1909f56bfc062723c751e8b465ee728b)
Start importing Assets/GAMEobj/visual&terreno/hightpoly/NatureStarterKit2/Editor/ImageEffects/TonemappingEditor.cs using Guid(0f7cab214f141f642b87a5bdbd14653e) Importer(815301076,1909f56bfc062723c751e8b465ee728b)  -> (artifact id: '4b19391925b3d2a5bd6891393c8eabc6') in 0.003147 seconds
Number of updated asset objects reloaded before import = 0
Number of asset objects unloaded after import = 0
========================================================================
Received Import Request.
  Time since last request: 0.000041 seconds.
  path: Assets/GAMEobj/visual&terreno/hightpoly/NatureStarterKit2/Editor/ImageEffects/BloomEditor.cs
  artifactKey: Guid(43fcc28c40e404d4eabfc88b1dbda7b5) Importer(815301076,1909f56bfc062723c751e8b465ee728b)
Start importing Assets/GAMEobj/visual&terreno/hightpoly/NatureStarterKit2/Editor/ImageEffects/BloomEditor.cs using Guid(43fcc28c40e404d4eabfc88b1dbda7b5) Importer(815301076,1909f56bfc062723c751e8b465ee728b)  -> (artifact id: '61e7dbd6eb2825781a70ef8ba2ea659b') in 0.000588 seconds
Number of updated asset objects reloaded before import = 0
Number of asset objects unloaded after import = 0
========================================================================
Received Import Request.
  Time since last request: 0.000025 seconds.
  path: Assets/GAMEobj/visual&terreno/hightpoly/NatureStarterKit2/Editor/ImageEffects/CameraMotionBlurEditor.cs
  artifactKey: Guid(80cbbe1c107bf5e43a96347d3dfc2658) Importer(815301076,1909f56bfc062723c751e8b465ee728b)
Start importing Assets/GAMEobj/visual&terreno/hightpoly/NatureStarterKit2/Editor/ImageEffects/CameraMotionBlurEditor.cs using Guid(80cbbe1c107bf5e43a96347d3dfc2658) Importer(815301076,1909f56bfc062723c751e8b465ee728b)  -> (artifact id: '589ac8ee1d881f1784ce22162e7baecb') in 0.000715 seconds
Number of updated asset objects reloaded before import = 0
Number of asset objects unloaded after import = 0
========================================================================
Received Import Request.
  Time since last request: 0.000027 seconds.
  path: Assets/GAMEobj/visual&terreno/hightpoly/NatureStarterKit2/Editor/ImageEffects/VignetteAndChromaticAberrationEditor.cs
  artifactKey: Guid(08126bf2baa528c4cb9c60340a24e5d6) Importer(815301076,1909f56bfc062723c751e8b465ee728b)
Start importing Assets/GAMEobj/visual&terreno/hightpoly/NatureStarterKit2/Editor/ImageEffects/VignetteAndChromaticAberrationEditor.cs using Guid(08126bf2baa528c4cb9c60340a24e5d6) Importer(815301076,1909f56bfc062723c751e8b465ee728b)  -> (artifact id: 'f5f5abd82d447a104dc3d749b7fed051') in 0.000620 seconds
Number of updated asset objects reloaded before import = 0
Number of asset objects unloaded after import = 0
========================================================================
Received Import Request.
  Time since last request: 0.000044 seconds.
  path: Assets/GAMEobj/visual&terreno/hightpoly/NatureStarterKit2/Editor/ImageEffects/CreaseShadingEditor.cs
  artifactKey: Guid(6788af605d2f1244789565913bb4e7f6) Importer(815301076,1909f56bfc062723c751e8b465ee728b)
Start importing Assets/GAMEobj/visual&terreno/hightpoly/NatureStarterKit2/Editor/ImageEffects/CreaseShadingEditor.cs using Guid(6788af605d2f1244789565913bb4e7f6) Importer(815301076,1909f56bfc062723c751e8b465ee728b)  -> (artifact id: 'd9ba49b6c8888b7a4f002c0ac171a096') in 0.000552 seconds
Number of updated asset objects reloaded before import = 0
Number of asset objects unloaded after import = 0
========================================================================
Received Import Request.
  Time since last request: 0.000025 seconds.
  path: Assets/GAMEobj/visual&terreno/hightpoly/NatureStarterKit2/Editor/ImageEffects/ColorCorrectionLookupEditor.cs
  artifactKey: Guid(66c17be95fbf398439ea09f8892a8b43) Importer(815301076,1909f56bfc062723c751e8b465ee728b)
Start importing Assets/GAMEobj/visual&terreno/hightpoly/NatureStarterKit2/Editor/ImageEffects/ColorCorrectionLookupEditor.cs using Guid(66c17be95fbf398439ea09f8892a8b43) Importer(815301076,1909f56bfc062723c751e8b465ee728b)  -> (artifact id: 'd1a8bcf2b380def570b5170dc3142498') in 0.000666 seconds
Number of updated asset objects reloaded before import = 0
Number of asset objects unloaded after import = 0
========================================================================
Received Import Request.
  Time since last request: 0.000025 seconds.
  path: Assets/GAMEobj/visual&terreno/hightpoly/NatureStarterKit2/Editor/ImageEffects/EdgeDetectionEditor.cs
  artifactKey: Guid(b5f1618d14cd80f4da910f00b04af37f) Importer(815301076,1909f56bfc062723c751e8b465ee728b)
Start importing Assets/GAMEobj/visual&terreno/hightpoly/NatureStarterKit2/Editor/ImageEffects/EdgeDetectionEditor.cs using Guid(b5f1618d14cd80f4da910f00b04af37f) Importer(815301076,1909f56bfc062723c751e8b465ee728b)  -> (artifact id: 'bbe5100668cf3676d4f561dc6b5baadb') in 0.000557 seconds
Number of updated asset objects reloaded before import = 0
Number of asset objects unloaded after import = 0
========================================================================
Received Import Request.
  Time since last request: 0.000040 seconds.
  path: Assets/GAMEobj/visual&terreno/hightpoly/NatureStarterKit2/Editor/ImageEffects/SunShaftsEditor.cs
  artifactKey: Guid(54f6f6313f2aecc4d81035ec0031e313) Importer(815301076,1909f56bfc062723c751e8b465ee728b)
Start importing Assets/GAMEobj/visual&terreno/hightpoly/NatureStarterKit2/Editor/ImageEffects/SunShaftsEditor.cs using Guid(54f6f6313f2aecc4d81035ec0031e313) Importer(815301076,1909f56bfc062723c751e8b465ee728b)  -> (artifact id: '8f97dee85a7a4e417c1c542a4b085399') in 0.002528 seconds
Number of updated asset objects reloaded before import = 0
Number of asset objects unloaded after import = 0
========================================================================
Received Import Request.
  Time since last request: 0.000031 seconds.
  path: Assets/GAMEobj/visual&terreno/hightpoly/NatureStarterKit2/Editor/ImageEffects/DepthOfFieldEditor.cs
  artifactKey: Guid(427fdf36119bab44a9131abd19b90f57) Importer(815301076,1909f56bfc062723c751e8b465ee728b)
Start importing Assets/GAMEobj/visual&terreno/hightpoly/NatureStarterKit2/Editor/ImageEffects/DepthOfFieldEditor.cs using Guid(427fdf36119bab44a9131abd19b90f57) Importer(815301076,1909f56bfc062723c751e8b465ee728b)  -> (artifact id: '6fdc515400ad82bf6786f6e8a63e2c17') in 0.003305 seconds
Number of updated asset objects reloaded before import = 0
Number of asset objects unloaded after import = 0
========================================================================
Received Import Request.
  Time since last request: 0.000026 seconds.
  path: Assets/GAMEobj/visual&terreno/hightpoly/NatureStarterKit2/Editor/ImageEffects/DepthOfFieldDeprecatedEditor.cs
  artifactKey: Guid(943c59645eb905144a0990b57e13a6f9) Importer(815301076,1909f56bfc062723c751e8b465ee728b)
Start importing Assets/GAMEobj/visual&terreno/hightpoly/NatureStarterKit2/Editor/ImageEffects/DepthOfFieldDeprecatedEditor.cs using Guid(943c59645eb905144a0990b57e13a6f9) Importer(815301076,1909f56bfc062723c751e8b465ee728b)  -> (artifact id: 'f12bb68d1d81d5bc443e7d16c777dace') in 0.001063 seconds
Number of updated asset objects reloaded before import = 0
Number of asset objects unloaded after import = 0
========================================================================
Received Import Request.
  Time since last request: 0.000029 seconds.
  path: Assets/GAMEobj/visual&terreno/hightpoly/NatureStarterKit2/Editor/ImageEffects/NoiseAndGrainEditor.cs
  artifactKey: Guid(abd63abcc46fbcb4588164b671b52d3b) Importer(815301076,1909f56bfc062723c751e8b465ee728b)
Start importing Assets/GAMEobj/visual&terreno/hightpoly/NatureStarterKit2/Editor/ImageEffects/NoiseAndGrainEditor.cs using Guid(abd63abcc46fbcb4588164b671b52d3b) Importer(815301076,1909f56bfc062723c751e8b465ee728b)  -> (artifact id: 'c921da17474f525ac9661a61fd1a40de') in 0.000712 seconds
Number of updated asset objects reloaded before import = 0
Number of asset objects unloaded after import = 0
========================================================================
Received Import Request.
  Time since last request: 0.000031 seconds.
  path: Assets/GAMEobj/visual&terreno/hightpoly/NatureStarterKit2/Editor/ImageEffects/BloomAndFlaresEditor.cs
  artifactKey: Guid(4deca87cb459d1642ac8f734856ca84e) Importer(815301076,1909f56bfc062723c751e8b465ee728b)
Start importing Assets/GAMEobj/visual&terreno/hightpoly/NatureStarterKit2/Editor/ImageEffects/BloomAndFlaresEditor.cs using Guid(4deca87cb459d1642ac8f734856ca84e) Importer(815301076,1909f56bfc062723c751e8b465ee728b)  -> (artifact id: '364eeb17e178e24f1d548e49e389d4b4') in 0.000648 seconds
Number of updated asset objects reloaded before import = 0
Number of asset objects unloaded after import = 0
========================================================================
Received Import Request.
  Time since last request: 0.000049 seconds.
  path: Assets/GAMEobj/visual&terreno/hightpoly/NatureStarterKit2/Editor/ImageEffects/AntialiasingEditor.cs
  artifactKey: Guid(ba15fa37442517749a3c4640a4ad4054) Importer(815301076,1909f56bfc062723c751e8b465ee728b)
Start importing Assets/GAMEobj/visual&terreno/hightpoly/NatureStarterKit2/Editor/ImageEffects/AntialiasingEditor.cs using Guid(ba15fa37442517749a3c4640a4ad4054) Importer(815301076,1909f56bfc062723c751e8b465ee728b)  -> (artifact id: '388d01a67dd74f5cb1e2ceec0877f6ff') in 0.000971 seconds
Number of updated asset objects reloaded before import = 0
Number of asset objects unloaded after import = 0
========================================================================
Received Import Request.
  Time since last request: 0.000061 seconds.
  path: Assets/player/Player.cs
  artifactKey: Guid(4b37b209e98c01d40b55841273c6e30a) Importer(815301076,1909f56bfc062723c751e8b465ee728b)
Start importing Assets/player/Player.cs using Guid(4b37b209e98c01d40b55841273c6e30a) Importer(815301076,1909f56bfc062723c751e8b465ee728b)  -> (artifact id: 'a2efa79850ca88c45f2e78eeff7f3fa0') in 0.001130 seconds
Number of updated asset objects reloaded before import = 0
Number of asset objects unloaded after import = 0
